Arguments: 
  /Users/henry/.nvm/versions/node/v18.12.1/bin/node /Users/henry/.nvm/versions/node/v18.12.1/bin/yarn install

PATH: 
  /Users/henry/.rvm/gems/ruby-3.1.2/bin:/Users/henry/.rvm/gems/ruby-3.1.2@global/bin:/Users/henry/.rvm/rubies/ruby-3.1.2/bin:/usr/local/bin:/usr/bin:/bin:/usr/sbin:/sbin:/Library/Apple/usr/bin:/Users/henry/.rvm/gems/ruby-3.1.2/bin:/Users/henry/.rvm/gems/ruby-3.1.2@global/bin:/Users/henry/.rvm/rubies/ruby-3.1.2/bin:/Users/henry/Library/pnpm:/Users/henry/.gem/ruby/3.1.2/bin:/Users/henry/.rubies/ruby-3.1.2/lib/ruby/gems/3.1.0/bin:/Users/henry/.rubies/ruby-3.1.2/bin:/Users/henry/.jenv/shims:/Library/Frameworks/Python.framework/Versions/3.9/bin:/Users/henry/.nvm/versions/node/v18.12.1/bin:/Users/henry/Library/Android/sdk/platform-tools:/Users/henry/bin:/Users/henry/.rvm/bin:/Users/henry/.shorttasks:/Users/henry/.rvm/bin

Yarn version: 
  1.22.19

Node version: 
  18.12.1

Platform: 
  darwin x64

Trace: 
  SyntaxError: /Users/henry/dev/PEERSREPO/shorttasks/package.json: Unexpected string in JSON at position 661
      at JSON.parse (<anonymous>)
      at /Users/henry/.nvm/versions/node/v18.12.1/lib/node_modules/yarn/lib/cli.js:1629:59
      at Generator.next (<anonymous>)
      at step (/Users/henry/.nvm/versions/node/v18.12.1/lib/node_modules/yarn/lib/cli.js:310:30)
      at /Users/henry/.nvm/versions/node/v18.12.1/lib/node_modules/yarn/lib/cli.js:321:13

npm manifest: 
  {
    "name": "shorttasks",
    "version": "1.0.0",
    "description": "command line shortcuts for git:g, npm: n, yarn:y. mono/multi/poly repo ready.",
    "author": "Henry Kemp",
    "license": "MIT",
    "private": false,
    "scripts": {
      "sti": "cd src/shorttasks/ && chmod +x install.sh && ./install.sh && cd ../..",
      "str": "cd src/shorttasks/ chmod +x remove.sh && ./remove.sh && cd ../..",
      "shorttasks:install": "yarn sti",
      "install:shorttasks": "yarn sti",
      "remove:shorttasks": "yarn str",
      "shorttasks:remove": "yarn str",
      "test": "bats tests/*"
    },
    "devDependencies": {
      "bats-core": "https://github.com/bats-core/bats-core.git"
      "bats-file": "https://github.com/bats-core/bats-file.git",
      "bats-assert": "https://github.com/bats-core/bats-assert.git"
    }
  }

yarn manifest: 
  No manifest

Lockfile: 
  # THIS IS AN AUTOGENERATED FILE. DO NOT EDIT THIS FILE DIRECTLY.
  # yarn lockfile v1
  
  
  "bats-file@https://github.com/bats-core/bats-file.git":
    version "0.2.0"
    resolved "https://github.com/bats-core/bats-file.git#8ee7bb920faf8eb3c1afbe024e61366d179ba949"
